22:38:23:816 [ALWAYS]	GUDE Logging Started
22:38:23:816 [INFO]	SqliteResumeCache::SqliteResumeCache basedirectory is null/empty
22:38:23:816 [ERROR]	SqliteResumeCache::CreateSqliteResumeCache creating resume cache pointer failure
22:38:23:816 [ERROR]	Initialize resume cache pointer failure
22:38:23:816 [INFO]	gude policy POLICY_USER limit (2,2,1) chunk 2097152, chunking (UL 0 DL 1), resXfer 1, adapt 0, NSURL 0, timeout 86400 
22:38:23:816 [INFO]	Initialized -- gude-lib version: v0.12.1 app: gude
22:38:24:852 [WARN]	Ignoring attempt to reinit logging to \gude at level 4 retaining 3 days of logs
22:38:24:852 [INFO]	SqliteResumeCache::SqliteResumeCache basedirectory is null/empty
22:38:24:852 [ERROR]	SqliteResumeCache::CreateSqliteResumeCache creating resume cache pointer failure
22:38:24:852 [ERROR]	Initialize resume cache pointer failure
22:38:24:852 [INFO]	gude policy POLICY_USER limit (4,4,1) chunk 2097152, chunking (UL 0 DL 1), resXfer 1, adapt 0, NSURL 1, timeout 86400 
22:38:24:852 [INFO]	Initialized -- gude-lib version: v0.12.1 app: gude
22:39:09:537 [ALWAYS]	GUDE Logging Started
22:39:09:538 [INFO]	SqliteResumeCache::SqliteResumeCache basedirectory is null/empty
22:39:09:538 [ERROR]	SqliteResumeCache::CreateSqliteResumeCache creating resume cache pointer failure
22:39:09:538 [ERROR]	Initialize resume cache pointer failure
22:39:09:538 [INFO]	gude policy POLICY_USER limit (2,2,1) chunk 2097152, chunking (UL 0 DL 1), resXfer 1, adapt 0, NSURL 0, timeout 86400 
22:39:09:538 [INFO]	Initialized -- gude-lib version: v0.12.1 app: gude
22:39:13:821 [WARN]	Ignoring attempt to reinit logging to \gude at level 4 retaining 3 days of logs
22:39:13:821 [INFO]	SqliteResumeCache::SqliteResumeCache basedirectory is null/empty
22:39:13:821 [ERROR]	SqliteResumeCache::CreateSqliteResumeCache creating resume cache pointer failure
22:39:13:821 [ERROR]	Initialize resume cache pointer failure
22:39:13:821 [INFO]	gude policy POLICY_USER limit (4,4,1) chunk 2097152, chunking (UL 0 DL 1), resXfer 1, adapt 0, NSURL 1, timeout 86400 
22:39:13:821 [INFO]	Initialized -- gude-lib version: v0.12.1 app: gude
